

#################################################################

############## carina - 03/29/20 14:28:50 EDT -0400 ##############

#################################################################




#################################################################

############## carina - 04/01/20 00:05:01 EDT -0400 ##############

#################################################################




#################################################################

############## carina - 05/01/20 00:05:01 EDT -0400 ##############

#################################################################




#################################################################

############## carina - 06/01/20 00:05:01 EDT -0400 ##############

#################################################################




#################################################################

############## carina - 07/01/20 00:05:01 EDT -0400 ##############

#################################################################


############################ carina - 08/01/20 00:05:01 EST ############################
############################ carina - 09/01/20 00:05:01 EST ############################
############################ carina - 10/01/20 00:05:01 EST ############################
fatal: not a git repository (or any of the parent directories): .git
############################ carina - 11/01/20 00:05:02 EST ############################
fatal: not a git repository (or any of the parent directories): .git
############################ carina - 12/01/20 00:05:01 EST ############################
fatal: not a git repository (or any of the parent directories): .git
############################ carina - 01/01/21 00:05:01 EST ############################
fatal: not a git repository (or any of the parent directories): .git
############################ carina - 02/15/21 11:18:34 EST ############################
############################ carina - 02/15/21 11:48:50 EST ############################
/dev/sda1        29G  335M   28G   2% /data
/dev/sda1        29G  335M   28G   2% /data
############################ carina - 02/15/21 11:54:11 EST ############################
/dev/sda1        29G  335M   28G   2% /data
/dev/sda1        29G  335M   28G   2% /data
############################ carina - 03/01/21 00:30:02 EST ############################
/dev/sda1        29G  1.4G   27G   6% /data
/dev/sda1        29G  473M   27G   2% /data
############################ carina - 04/01/21 00:30:01 EST ############################
/dev/sda1        29G  2.6G   25G  10% /data
/dev/sda1        29G  487M   27G   2% /data
############################ carina - 05/01/21 00:30:01 EST ############################
/dev/sda1        29G  3.1G   25G  11% /data
/dev/sda1        29G  502M   27G   2% /data
############################ carina - 06/01/21 00:30:01 EST ############################
/dev/sda1        29G  3.6G   24G  14% /data
/dev/sda1        29G  521M   27G   2% /data
############################ carina - 07/07/21 11:06:03 EST ############################
/dev/sda1        29G  2.0G   26G   7% /data
/dev/sda1        29G  2.0G   26G   7% /data
############################ carina - 08/01/21 00:30:01 EST ############################
/dev/sda1        29G  5.7G   22G  21% /data
/dev/sda1        29G  2.0G   26G   8% /data
############################ carina - 09/01/21 00:30:01 EST ############################
/dev/sda1        29G  7.4G   21G  27% /data
/dev/sda1        29G  2.0G   26G   8% /data
############################ carina - 10/01/21 00:30:01 EST ############################
/dev/sda1        29G  7.8G   20G  29% /data
/dev/sda1        29G  2.0G   26G   8% /data
############################ carina - 10/15/21 12:49:27 EST ############################
/dev/sda1        29G  5.4G   23G  20% /data
############################ carina - 11/01/21 00:30:01 EST ############################
/dev/sda1        29G  9.4G   19G  35% /data
/dev/sda1        29G  5.0G   23G  19% /data
############################ carina - 12/01/21 00:30:01 EST ############################
/dev/sda1        29G   11G   17G  40% /data
/dev/sda1        29G  5.0G   23G  19% /data
############################ carina - 01/01/22 00:30:01 EST ############################
/dev/sda1        29G   12G   16G  43% /data
/dev/sda1        29G  5.1G   23G  19% /data
############################ carina - 02/01/22 00:30:01 EST ############################
/dev/sda1        29G   13G   16G  44% /data
/dev/sda1        29G  5.1G   23G  19% /data
############################ carina - 03/01/22 00:30:01 EST ############################
/dev/sda1        29G   12G   16G  44% /data
/dev/sda1        29G  5.1G   23G  19% /data
############################ carina - 04/01/22 00:30:01 EST ############################
/dev/sda1        29G   14G   15G  48% /data
/dev/sda1        29G  5.1G   23G  19% /data
############################ carina - 05/01/22 00:30:01 EST ############################
/dev/sda1        29G   14G   15G  49% /data
/dev/sda1        29G  5.1G   23G  19% /data
############################ carina - 06/01/22 00:30:01 EST ############################
/dev/sda1        29G   15G   14G  53% /data
/dev/sda1        29G  5.1G   23G  19% /data
############################ carina - 07/01/22 00:30:02 EST ############################
/dev/sda1        29G   15G   13G  54% /data
/dev/sda1        29G  5.1G   23G  19% /data
############################ carina - 08/01/22 00:30:01 EST ############################
/dev/sda1        29G   16G   13G  56% /data
/dev/sda1        29G  5.2G   23G  19% /data
